<?xml version="1.0" encoding="UTF-8"?>
<testsuite xmlns:xsi="http://www.w3.org/2001/XMLSchema-instance" xsi:noNamespaceSchemaLocation="https://maven.apache.org/surefire/maven-surefire-plugin/xsd/surefire-test-report-3.0.xsd" version="3.0" name="com.fifteen.RegexTest" time="0.035" tests="1" errors="0" skipped="0" failures="0">
  <properties>
    <property name="java.specification.version" value="17"/>
    <property name="sun.jnu.encoding" value="UTF-8"/>
    <property name="java.class.path" value="/home/pj/coding/Java/Java_project_group_21/target/test-classes:/home/pj/coding/Java/Java_project_group_21/target/classes:/home/pj/.m2/repository/org/junit/jupiter/junit-jupiter-api/5.8.2/junit-jupiter-api-5.8.2.jar:/home/pj/.m2/repository/org/opentest4j/opentest4j/1.2.0/opentest4j-1.2.0.jar:/home/pj/.m2/repository/org/junit/platform/junit-platform-commons/1.8.2/junit-platform-commons-1.8.2.jar:/home/pj/.m2/repository/org/apiguardian/apiguardian-api/1.1.2/apiguardian-api-1.1.2.jar:/home/pj/.m2/repository/org/junit/jupiter/junit-jupiter-engine/5.8.2/junit-jupiter-engine-5.8.2.jar:/home/pj/.m2/repository/org/junit/platform/junit-platform-engine/1.8.2/junit-platform-engine-1.8.2.jar:/home/pj/.m2/repository/org/projectlombok/lombok/1.18.22/lombok-1.18.22.jar:/home/pj/.m2/repository/com/oracle/database/jdbc/ojdbc10/19.11.0.0/ojdbc10-19.11.0.0.jar:/home/pj/.m2/repository/commons-codec/commons-codec/1.15/commons-codec-1.15.jar:/home/pj/.m2/repository/javax/activation/activation/1.1.1/activation-1.1.1.jar:/home/pj/.m2/repository/com/sun/mail/javax.mail/1.6.2/javax.mail-1.6.2.jar:/home/pj/.m2/repository/commons-dbutils/commons-dbutils/1.7/commons-dbutils-1.7.jar:/home/pj/.m2/repository/com/intellij/forms_rt/7.0.3/forms_rt-7.0.3.jar:/home/pj/.m2/repository/asm/asm-commons/3.0/asm-commons-3.0.jar:/home/pj/.m2/repository/asm/asm-tree/3.0/asm-tree-3.0.jar:/home/pj/.m2/repository/asm/asm/3.0/asm-3.0.jar:/home/pj/.m2/repository/com/jgoodies/forms/1.1-preview/forms-1.1-preview.jar:/home/pj/.m2/repository/jdom/jdom/1.0/jdom-1.0.jar:/home/pj/.m2/repository/com/formdev/flatlaf/2.0-rc1/flatlaf-2.0-rc1.jar:/home/pj/.m2/repository/com/toedter/jcalendar/1.4/jcalendar-1.4.jar:"/>
    <property name="java.vm.vendor" value="Oracle Corporation"/>
    <property name="sun.arch.data.model" value="64"/>
    <property name="java.vendor.url" value="https://java.oracle.com/"/>
    <property name="os.name" value="Linux"/>
    <property name="java.vm.specification.version" value="17"/>
    <property name="sun.java.launcher" value="SUN_STANDARD"/>
    <property name="user.country" value="US"/>
    <property name="sun.boot.library.path" value="/usr/lib/jvm/java-17-oracle/lib"/>
    <property name="sun.java.command" value="/home/pj/coding/Java/Java_project_group_21/target/surefire/surefirebooter12131174745582551262.jar /home/pj/coding/Java/Java_project_group_21/target/surefire 2022-01-15T16-00-52_758-jvmRun1 surefire12514103418890328155tmp surefire_06973711058882950299tmp"/>
    <property name="jdk.debug" value="release"/>
    <property name="test" value="com.fifteen.RegexTest#shortEmail"/>
    <property name="surefire.test.class.path" value="/home/pj/coding/Java/Java_project_group_21/target/test-classes:/home/pj/coding/Java/Java_project_group_21/target/classes:/home/pj/.m2/repository/org/junit/jupiter/junit-jupiter-api/5.8.2/junit-jupiter-api-5.8.2.jar:/home/pj/.m2/repository/org/opentest4j/opentest4j/1.2.0/opentest4j-1.2.0.jar:/home/pj/.m2/repository/org/junit/platform/junit-platform-commons/1.8.2/junit-platform-commons-1.8.2.jar:/home/pj/.m2/repository/org/apiguardian/apiguardian-api/1.1.2/apiguardian-api-1.1.2.jar:/home/pj/.m2/repository/org/junit/jupiter/junit-jupiter-engine/5.8.2/junit-jupiter-engine-5.8.2.jar:/home/pj/.m2/repository/org/junit/platform/junit-platform-engine/1.8.2/junit-platform-engine-1.8.2.jar:/home/pj/.m2/repository/org/projectlombok/lombok/1.18.22/lombok-1.18.22.jar:/home/pj/.m2/repository/com/oracle/database/jdbc/ojdbc10/19.11.0.0/ojdbc10-19.11.0.0.jar:/home/pj/.m2/repository/commons-codec/commons-codec/1.15/commons-codec-1.15.jar:/home/pj/.m2/repository/javax/activation/activation/1.1.1/activation-1.1.1.jar:/home/pj/.m2/repository/com/sun/mail/javax.mail/1.6.2/javax.mail-1.6.2.jar:/home/pj/.m2/repository/commons-dbutils/commons-dbutils/1.7/commons-dbutils-1.7.jar:/home/pj/.m2/repository/com/intellij/forms_rt/7.0.3/forms_rt-7.0.3.jar:/home/pj/.m2/repository/asm/asm-commons/3.0/asm-commons-3.0.jar:/home/pj/.m2/repository/asm/asm-tree/3.0/asm-tree-3.0.jar:/home/pj/.m2/repository/asm/asm/3.0/asm-3.0.jar:/home/pj/.m2/repository/com/jgoodies/forms/1.1-preview/forms-1.1-preview.jar:/home/pj/.m2/repository/jdom/jdom/1.0/jdom-1.0.jar:/home/pj/.m2/repository/com/formdev/flatlaf/2.0-rc1/flatlaf-2.0-rc1.jar:/home/pj/.m2/repository/com/toedter/jcalendar/1.4/jcalendar-1.4.jar:"/>
    <property name="sun.cpu.endian" value="little"/>
    <property name="user.home" value="/home/pj"/>
    <property name="user.language" value="en"/>
    <property name="java.specification.vendor" value="Oracle Corporation"/>
    <property name="java.version.date" value="2021-10-19"/>
    <property name="java.home" value="/usr/lib/jvm/java-17-oracle"/>
    <property name="file.separator" value="/"/>
    <property name="basedir" value="/home/pj/coding/Java/Java_project_group_21"/>
    <property name="java.vm.compressedOopsMode" value="32-bit"/>
    <property name="line.separator" value="&#10;"/>
    <property name="java.vm.specification.vendor" value="Oracle Corporation"/>
    <property name="java.specification.name" value="Java Platform API Specification"/>
    <property name="surefire.real.class.path" value="/home/pj/coding/Java/Java_project_group_21/target/surefire/surefirebooter12131174745582551262.jar"/>
    <property name="sun.management.compiler" value="HotSpot 64-Bit Tiered Compilers"/>
    <property name="java.runtime.version" value="17.0.1+12-LTS-39"/>
    <property name="user.name" value="pj"/>
    <property name="path.separator" value=":"/>
    <property name="os.version" value="5.11.0-46-generic"/>
    <property name="java.runtime.name" value="Java(TM) SE Runtime Environment"/>
    <property name="file.encoding" value="UTF-8"/>
    <property name="java.vm.name" value="Java HotSpot(TM) 64-Bit Server VM"/>
    <property name="localRepository" value="/home/pj/.m2/repository"/>
    <property name="java.vendor.url.bug" value="https://bugreport.java.com/bugreport/"/>
    <property name="java.io.tmpdir" value="/tmp"/>
    <property name="java.version" value="17.0.1"/>
    <property name="user.dir" value="/home/pj/coding/Java/Java_project_group_21"/>
    <property name="os.arch" value="amd64"/>
    <property name="java.vm.specification.name" value="Java Virtual Machine Specification"/>
    <property name="native.encoding" value="UTF-8"/>
    <property name="java.library.path" value="/opt/oracle/instantclient_21_4::/usr/java/packages/lib:/usr/lib64:/lib64:/lib:/usr/lib"/>
    <property name="java.vm.info" value="mixed mode, sharing"/>
    <property name="java.vendor" value="Oracle Corporation"/>
    <property name="java.vm.version" value="17.0.1+12-LTS-39"/>
    <property name="sun.io.unicode.encoding" value="UnicodeLittle"/>
    <property name="java.class.version" value="61.0"/>
  </properties>
  <testcase name="shortEmail" classname="com.fifteen.RegexTest" time="0.022"/>
</testsuite>